[debug] [2025-01-15T07:19:26.531Z] ----------------------------------------------------------------------
[debug] [2025-01-15T07:19:26.532Z] Command:       /Users/annaxu/.nvm/versions/node/v22.0.0/bin/node /Users/annaxu/.nvm/versions/node/v22.0.0/bin/firebase deploy --only functions:nextApp,hosting
[debug] [2025-01-15T07:19:26.533Z] CLI Version:   13.26.0
[debug] [2025-01-15T07:19:26.533Z] Platform:      darwin
[debug] [2025-01-15T07:19:26.533Z] Node Version:  v22.0.0
[debug] [2025-01-15T07:19:26.533Z] Time:          Wed Jan 15 2025 02:19:26 GMT-0500 (Eastern Standard Time)
[debug] [2025-01-15T07:19:26.533Z] ----------------------------------------------------------------------
[debug] 
[debug] [2025-01-15T07:19:26.566Z] > command requires scopes: ["email","openid","https://www.googleapis.com/auth/cloudplatformprojects.readonly","https://www.googleapis.com/auth/firebase","https://www.googleapis.com/auth/cloud-platform"]
[debug] [2025-01-15T07:19:26.567Z] > authorizing via signed-in user (anna.xu@yale.edu)
[debug] [2025-01-15T07:19:26.567Z] [iam] checking project yims-125a2 for permissions ["cloudfunctions.functions.create","cloudfunctions.functions.delete","cloudfunctions.functions.get","cloudfunctions.functions.list","cloudfunctions.functions.update","cloudfunctions.operations.get","firebase.projects.get","firebasehosting.sites.update"]
[debug] [2025-01-15T07:19:26.567Z] Checked if tokens are valid: true, expires at: 1736927782543
[debug] [2025-01-15T07:19:26.567Z] Checked if tokens are valid: true, expires at: 1736927782543
[debug] [2025-01-15T07:19:26.568Z] >>> [apiv2][query] POST https://cloudresourcemanager.googleapis.com/v1/projects/yims-125a2:testIamPermissions [none]
[debug] [2025-01-15T07:19:26.568Z] >>> [apiv2][(partial)header] POST https://cloudresourcemanager.googleapis.com/v1/projects/yims-125a2:testIamPermissions x-goog-quota-user=projects/yims-125a2
[debug] [2025-01-15T07:19:26.568Z] >>> [apiv2][body] POST https://cloudresourcemanager.googleapis.com/v1/projects/yims-125a2:testIamPermissions {"permissions":["cloudfunctions.functions.create","cloudfunctions.functions.delete","cloudfunctions.functions.get","cloudfunctions.functions.list","cloudfunctions.functions.update","cloudfunctions.operations.get","firebase.projects.get","firebasehosting.sites.update"]}
[debug] [2025-01-15T07:19:26.785Z] <<< [apiv2][status] POST https://cloudresourcemanager.googleapis.com/v1/projects/yims-125a2:testIamPermissions 200
[debug] [2025-01-15T07:19:26.786Z] <<< [apiv2][body] POST https://cloudresourcemanager.googleapis.com/v1/projects/yims-125a2:testIamPermissions {"permissions":["cloudfunctions.functions.create","cloudfunctions.functions.delete","cloudfunctions.functions.get","cloudfunctions.functions.list","cloudfunctions.functions.update","cloudfunctions.operations.get","firebase.projects.get","firebasehosting.sites.update"]}
[debug] [2025-01-15T07:19:26.786Z] Checked if tokens are valid: true, expires at: 1736927782543
[debug] [2025-01-15T07:19:26.786Z] Checked if tokens are valid: true, expires at: 1736927782543
[debug] [2025-01-15T07:19:26.786Z] >>> [apiv2][query] POST https://iam.googleapis.com/v1/projects/yims-125a2/serviceAccounts/yims-125a2@appspot.gserviceaccount.com:testIamPermissions [none]
[debug] [2025-01-15T07:19:26.786Z] >>> [apiv2][body] POST https://iam.googleapis.com/v1/projects/yims-125a2/serviceAccounts/yims-125a2@appspot.gserviceaccount.com:testIamPermissions {"permissions":["iam.serviceAccounts.actAs"]}
[debug] [2025-01-15T07:19:26.949Z] <<< [apiv2][status] POST https://iam.googleapis.com/v1/projects/yims-125a2/serviceAccounts/yims-125a2@appspot.gserviceaccount.com:testIamPermissions 200
[debug] [2025-01-15T07:19:26.950Z] <<< [apiv2][body] POST https://iam.googleapis.com/v1/projects/yims-125a2/serviceAccounts/yims-125a2@appspot.gserviceaccount.com:testIamPermissions {"permissions":["iam.serviceAccounts.actAs"]}
[debug] [2025-01-15T07:19:26.950Z] Checked if tokens are valid: true, expires at: 1736927782543
[debug] [2025-01-15T07:19:26.950Z] Checked if tokens are valid: true, expires at: 1736927782543
[debug] [2025-01-15T07:19:26.951Z] >>> [apiv2][query] GET https://firebase.googleapis.com/v1beta1/projects/yims-125a2 [none]
[debug] [2025-01-15T07:19:27.128Z] <<< [apiv2][status] GET https://firebase.googleapis.com/v1beta1/projects/yims-125a2 200
[debug] [2025-01-15T07:19:27.128Z] <<< [apiv2][body] GET https://firebase.googleapis.com/v1beta1/projects/yims-125a2 {"projectId":"yims-125a2","projectNumber":"846558223250","displayName":"yims","name":"projects/yims-125a2","resources":{"hostingSite":"yims-125a2","storageBucket":"yims-125a2.appspot.com","locationId":"us-central"},"state":"ACTIVE","etag":"1_3c25ba3c-40e4-46ac-ad07-738222c8f90f"}
[info] 
[info] === Deploying to 'yims-125a2'...
[info] 
[info] i  deploying functions, hosting 
[debug] [2025-01-15T07:19:27.133Z] Checked if tokens are valid: true, expires at: 1736927782543
[debug] [2025-01-15T07:19:27.133Z] Checked if tokens are valid: true, expires at: 1736927782543
[debug] [2025-01-15T07:19:27.133Z] >>> [apiv2][query] GET https://cloudresourcemanager.googleapis.com/v1/projects/yims-125a2 [none]
[debug] [2025-01-15T07:19:27.211Z] <<< [apiv2][status] GET https://cloudresourcemanager.googleapis.com/v1/projects/yims-125a2 200
[debug] [2025-01-15T07:19:27.211Z] <<< [apiv2][body] GET https://cloudresourcemanager.googleapis.com/v1/projects/yims-125a2 {"projectNumber":"846558223250","projectId":"yims-125a2","lifecycleState":"ACTIVE","name":"yims","labels":{"firebase":"enabled"},"createTime":"2024-09-11T22:41:33.559689Z"}
[info] i  functions: preparing codebase default for deployment 
[info] i  functions: ensuring required API cloudfunctions.googleapis.com is enabled... 
[debug] [2025-01-15T07:19:27.213Z] Checked if tokens are valid: true, expires at: 1736927782543
[debug] [2025-01-15T07:19:27.213Z] Checked if tokens are valid: true, expires at: 1736927782543
[debug] [2025-01-15T07:19:27.213Z] Checked if tokens are valid: true, expires at: 1736927782543
[debug] [2025-01-15T07:19:27.213Z] Checked if tokens are valid: true, expires at: 1736927782543
[info] i  functions: ensuring required API cloudbuild.googleapis.com is enabled... 
[debug] [2025-01-15T07:19:27.214Z] Checked if tokens are valid: true, expires at: 1736927782543
[debug] [2025-01-15T07:19:27.214Z] Checked if tokens are valid: true, expires at: 1736927782543
[info] i  artifactregistry: ensuring required API artifactregistry.googleapis.com is enabled... 
[debug] [2025-01-15T07:19:27.214Z] Checked if tokens are valid: true, expires at: 1736927782543
[debug] [2025-01-15T07:19:27.214Z] Checked if tokens are valid: true, expires at: 1736927782543
[debug] [2025-01-15T07:19:27.215Z] >>> [apiv2][query] GET https://serviceusage.googleapis.com/v1/projects/yims-125a2/services/cloudfunctions.googleapis.com [none]
[debug] [2025-01-15T07:19:27.215Z] >>> [apiv2][(partial)header] GET https://serviceusage.googleapis.com/v1/projects/yims-125a2/services/cloudfunctions.googleapis.com x-goog-quota-user=projects/yims-125a2
[debug] [2025-01-15T07:19:27.216Z] >>> [apiv2][query] GET https://serviceusage.googleapis.com/v1/projects/yims-125a2/services/runtimeconfig.googleapis.com [none]
[debug] [2025-01-15T07:19:27.216Z] >>> [apiv2][(partial)header] GET https://serviceusage.googleapis.com/v1/projects/yims-125a2/services/runtimeconfig.googleapis.com x-goog-quota-user=projects/yims-125a2
[debug] [2025-01-15T07:19:27.218Z] >>> [apiv2][query] GET https://serviceusage.googleapis.com/v1/projects/yims-125a2/services/cloudbuild.googleapis.com [none]
[debug] [2025-01-15T07:19:27.218Z] >>> [apiv2][(partial)header] GET https://serviceusage.googleapis.com/v1/projects/yims-125a2/services/cloudbuild.googleapis.com x-goog-quota-user=projects/yims-125a2
[debug] [2025-01-15T07:19:27.219Z] >>> [apiv2][query] GET https://serviceusage.googleapis.com/v1/projects/yims-125a2/services/artifactregistry.googleapis.com [none]
[debug] [2025-01-15T07:19:27.219Z] >>> [apiv2][(partial)header] GET https://serviceusage.googleapis.com/v1/projects/yims-125a2/services/artifactregistry.googleapis.com x-goog-quota-user=projects/yims-125a2
[debug] [2025-01-15T07:19:27.490Z] <<< [apiv2][status] GET https://serviceusage.googleapis.com/v1/projects/yims-125a2/services/runtimeconfig.googleapis.com 200
[debug] [2025-01-15T07:19:27.490Z] <<< [apiv2][body] GET https://serviceusage.googleapis.com/v1/projects/yims-125a2/services/runtimeconfig.googleapis.com [omitted]
[debug] [2025-01-15T07:19:27.491Z] <<< [apiv2][status] GET https://serviceusage.googleapis.com/v1/projects/yims-125a2/services/cloudbuild.googleapis.com 200
[debug] [2025-01-15T07:19:27.491Z] <<< [apiv2][body] GET https://serviceusage.googleapis.com/v1/projects/yims-125a2/services/cloudbuild.googleapis.com [omitted]
[info] ✔  functions: required API cloudbuild.googleapis.com is enabled 
[debug] [2025-01-15T07:19:27.492Z] <<< [apiv2][status] GET https://serviceusage.googleapis.com/v1/projects/yims-125a2/services/cloudfunctions.googleapis.com 200
[debug] [2025-01-15T07:19:27.492Z] <<< [apiv2][body] GET https://serviceusage.googleapis.com/v1/projects/yims-125a2/services/cloudfunctions.googleapis.com [omitted]
[info] ✔  functions: required API cloudfunctions.googleapis.com is enabled 
[debug] [2025-01-15T07:19:27.492Z] <<< [apiv2][status] GET https://serviceusage.googleapis.com/v1/projects/yims-125a2/services/artifactregistry.googleapis.com 200
[debug] [2025-01-15T07:19:27.492Z] <<< [apiv2][body] GET https://serviceusage.googleapis.com/v1/projects/yims-125a2/services/artifactregistry.googleapis.com [omitted]
[info] ✔  artifactregistry: required API artifactregistry.googleapis.com is enabled 
[debug] [2025-01-15T07:19:27.492Z] Checked if tokens are valid: true, expires at: 1736927782543
[debug] [2025-01-15T07:19:27.492Z] Checked if tokens are valid: true, expires at: 1736927782543
[debug] [2025-01-15T07:19:27.492Z] >>> [apiv2][query] GET https://firebase.googleapis.com/v1beta1/projects/yims-125a2/adminSdkConfig [none]
[debug] [2025-01-15T07:19:27.784Z] <<< [apiv2][status] GET https://firebase.googleapis.com/v1beta1/projects/yims-125a2/adminSdkConfig 200
[debug] [2025-01-15T07:19:27.784Z] <<< [apiv2][body] GET https://firebase.googleapis.com/v1beta1/projects/yims-125a2/adminSdkConfig {"projectId":"yims-125a2","storageBucket":"yims-125a2.appspot.com","locationId":"us-central"}
[debug] [2025-01-15T07:19:27.784Z] Checked if tokens are valid: true, expires at: 1736927782543
[debug] [2025-01-15T07:19:27.784Z] Checked if tokens are valid: true, expires at: 1736927782543
[debug] [2025-01-15T07:19:27.784Z] >>> [apiv2][query] GET https://runtimeconfig.googleapis.com/v1beta1/projects/yims-125a2/configs [none]
[debug] [2025-01-15T07:19:27.954Z] <<< [apiv2][status] GET https://runtimeconfig.googleapis.com/v1beta1/projects/yims-125a2/configs 200
[debug] [2025-01-15T07:19:27.954Z] <<< [apiv2][body] GET https://runtimeconfig.googleapis.com/v1beta1/projects/yims-125a2/configs {"configs":[{"name":"projects/yims-125a2/configs/yalies"},{"name":"projects/yims-125a2/configs/auth"},{"name":"projects/yims-125a2/configs/frontend"}]}
[debug] [2025-01-15T07:19:27.954Z] Checked if tokens are valid: true, expires at: 1736927782543
[debug] [2025-01-15T07:19:27.954Z] Checked if tokens are valid: true, expires at: 1736927782543
[debug] [2025-01-15T07:19:27.954Z] Checked if tokens are valid: true, expires at: 1736927782543
[debug] [2025-01-15T07:19:27.954Z] Checked if tokens are valid: true, expires at: 1736927782543
[debug] [2025-01-15T07:19:27.954Z] Checked if tokens are valid: true, expires at: 1736927782543
[debug] [2025-01-15T07:19:27.954Z] Checked if tokens are valid: true, expires at: 1736927782543
[debug] [2025-01-15T07:19:27.954Z] >>> [apiv2][query] GET https://runtimeconfig.googleapis.com/v1beta1/projects/yims-125a2/configs/yalies/variables [none]
[debug] [2025-01-15T07:19:27.955Z] >>> [apiv2][query] GET https://runtimeconfig.googleapis.com/v1beta1/projects/yims-125a2/configs/auth/variables [none]
[debug] [2025-01-15T07:19:27.956Z] >>> [apiv2][query] GET https://runtimeconfig.googleapis.com/v1beta1/projects/yims-125a2/configs/frontend/variables [none]
[debug] [2025-01-15T07:19:28.048Z] <<< [apiv2][status] GET https://runtimeconfig.googleapis.com/v1beta1/projects/yims-125a2/configs/yalies/variables 200
[debug] [2025-01-15T07:19:28.048Z] <<< [apiv2][body] GET https://runtimeconfig.googleapis.com/v1beta1/projects/yims-125a2/configs/yalies/variables {"variables":[{"name":"projects/yims-125a2/configs/yalies/variables/api_key","updateTime":"2024-11-28T23:59:26.765856549Z"}]}
[debug] [2025-01-15T07:19:28.049Z] Checked if tokens are valid: true, expires at: 1736927782543
[debug] [2025-01-15T07:19:28.049Z] Checked if tokens are valid: true, expires at: 1736927782543
[debug] [2025-01-15T07:19:28.049Z] >>> [apiv2][query] GET https://runtimeconfig.googleapis.com/v1beta1/projects/yims-125a2/configs/yalies/variables/api_key [none]
[debug] [2025-01-15T07:19:28.075Z] <<< [apiv2][status] GET https://runtimeconfig.googleapis.com/v1beta1/projects/yims-125a2/configs/frontend/variables 200
[debug] [2025-01-15T07:19:28.075Z] <<< [apiv2][body] GET https://runtimeconfig.googleapis.com/v1beta1/projects/yims-125a2/configs/frontend/variables {"variables":[{"name":"projects/yims-125a2/configs/frontend/variables/url","updateTime":"2024-11-21T14:43:12.027243965Z"}]}
[debug] [2025-01-15T07:19:28.075Z] Checked if tokens are valid: true, expires at: 1736927782543
[debug] [2025-01-15T07:19:28.075Z] Checked if tokens are valid: true, expires at: 1736927782543
[debug] [2025-01-15T07:19:28.075Z] >>> [apiv2][query] GET https://runtimeconfig.googleapis.com/v1beta1/projects/yims-125a2/configs/frontend/variables/url [none]
[debug] [2025-01-15T07:19:28.076Z] <<< [apiv2][status] GET https://runtimeconfig.googleapis.com/v1beta1/projects/yims-125a2/configs/auth/variables 200
[debug] [2025-01-15T07:19:28.076Z] <<< [apiv2][body] GET https://runtimeconfig.googleapis.com/v1beta1/projects/yims-125a2/configs/auth/variables {"variables":[{"name":"projects/yims-125a2/configs/auth/variables/url","updateTime":"2024-11-29T08:24:29.788827129Z"}]}
[debug] [2025-01-15T07:19:28.076Z] Checked if tokens are valid: true, expires at: 1736927782543
[debug] [2025-01-15T07:19:28.076Z] Checked if tokens are valid: true, expires at: 1736927782543
[debug] [2025-01-15T07:19:28.076Z] >>> [apiv2][query] GET https://runtimeconfig.googleapis.com/v1beta1/projects/yims-125a2/configs/auth/variables/url [none]
[debug] [2025-01-15T07:19:28.131Z] <<< [apiv2][status] GET https://runtimeconfig.googleapis.com/v1beta1/projects/yims-125a2/configs/yalies/variables/api_key 200
[debug] [2025-01-15T07:19:28.132Z] <<< [apiv2][body] GET https://runtimeconfig.googleapis.com/v1beta1/projects/yims-125a2/configs/yalies/variables/api_key {"name":"projects/yims-125a2/configs/yalies/variables/api_key","updateTime":"2024-11-28T23:59:26.765856549Z","text":"Bearer eyJhbGciOiJIUzI1NiIsInR5cCI6IkpXVCJ9.eyJpYXQiOjE3MjUzNzcxNTIsInN1YiI6ImF3eDIifQ.sKmMqhsyh71EIqfLPMqIx50py3nhhzo6kkq7OKPiHM8"}
[debug] [2025-01-15T07:19:28.142Z] <<< [apiv2][status] GET https://runtimeconfig.googleapis.com/v1beta1/projects/yims-125a2/configs/auth/variables/url 200
[debug] [2025-01-15T07:19:28.142Z] <<< [apiv2][body] GET https://runtimeconfig.googleapis.com/v1beta1/projects/yims-125a2/configs/auth/variables/url {"name":"projects/yims-125a2/configs/auth/variables/url","updateTime":"2024-11-29T08:24:29.788827129Z","text":"https://us-central1-yims-125a2.cloudfunctions.net/handleFirebaseAuth"}
[debug] [2025-01-15T07:19:28.155Z] <<< [apiv2][status] GET https://runtimeconfig.googleapis.com/v1beta1/projects/yims-125a2/configs/frontend/variables/url 200
[debug] [2025-01-15T07:19:28.155Z] <<< [apiv2][body] GET https://runtimeconfig.googleapis.com/v1beta1/projects/yims-125a2/configs/frontend/variables/url {"name":"projects/yims-125a2/configs/frontend/variables/url","updateTime":"2024-11-21T14:43:12.027243965Z","text":"https://yaleims.com"}
[debug] [2025-01-15T07:19:28.157Z] Validating nodejs source
[debug] [2025-01-15T07:19:28.608Z] > [functions] package.json contents: {
  "name": "functions",
  "scripts": {
    "lint": "eslint --ext .js,.ts .",
    "build": "tsc",
    "build:watch": "tsc --watch",
    "serve": "npm run build && firebase emulators:start --only functions",
    "shell": "npm run build && firebase functions:shell",
    "start": "npm run shell",
    "deploy": "firebase deploy --only functions",
    "logs": "firebase functions:log"
  },
  "engines": {
    "node": "18"
  },
  "main": "lib/index.js",
  "dependencies": {
    "firebase-admin": "^12.6.0",
    "firebase-functions": "^6.1.1",
    "next": "^15.0.3"
  },
  "devDependencies": {
    "@typescript-eslint/eslint-plugin": "^5.12.0",
    "@typescript-eslint/parser": "^5.12.0",
    "eslint-config-google": "^0.14.0",
    "eslint-plugin-import": "^2.25.4",
    "firebase-functions-test": "^3.1.0",
    "typescript": "^4.9.0"
  },
  "private": true
}
[debug] [2025-01-15T07:19:28.608Z] Building nodejs source
[info] i  functions: Loading and analyzing source code for codebase default to determine what to deploy 
[debug] [2025-01-15T07:19:28.609Z] Could not find functions.yaml. Must use http discovery
[debug] [2025-01-15T07:19:28.613Z] Found firebase-functions binary at '/Users/annaxu/Desktop/yaleims/frontend/node_modules/.bin/firebase-functions'
[info] Serving at port 8390

[error] (node:25284) [DEP0040] DeprecationWarning: The `punycode` module is deprecated. Please use a userland alternative instead.
(Use `node --trace-deprecation ...` to show where the warning was created)

[debug] [2025-01-15T07:19:28.904Z] Got response from /__/functions.yaml {"endpoints":{"nextApp":{"availableMemoryMb":null,"timeoutSeconds":null,"minInstances":null,"maxInstances":null,"ingressSettings":null,"concurrency":null,"serviceAccountEmail":null,"vpc":null,"platform":"gcfv2","labels":{},"httpsTrigger":{},"entryPoint":"nextApp"}},"specVersion":"v1alpha1","requiredAPIs":[],"extensions":{}}
[info] i  extensions: ensuring required API firebaseextensions.googleapis.com is enabled... 
[debug] [2025-01-15T07:19:33.919Z] Checked if tokens are valid: true, expires at: 1736927782543
[debug] [2025-01-15T07:19:33.919Z] Checked if tokens are valid: true, expires at: 1736927782543
[debug] [2025-01-15T07:19:33.920Z] >>> [apiv2][query] GET https://serviceusage.googleapis.com/v1/projects/yims-125a2/services/firebaseextensions.googleapis.com [none]
[debug] [2025-01-15T07:19:33.920Z] >>> [apiv2][(partial)header] GET https://serviceusage.googleapis.com/v1/projects/yims-125a2/services/firebaseextensions.googleapis.com x-goog-quota-user=projects/yims-125a2
[debug] [2025-01-15T07:19:34.151Z] <<< [apiv2][status] GET https://serviceusage.googleapis.com/v1/projects/yims-125a2/services/firebaseextensions.googleapis.com 200
[debug] [2025-01-15T07:19:34.151Z] <<< [apiv2][body] GET https://serviceusage.googleapis.com/v1/projects/yims-125a2/services/firebaseextensions.googleapis.com [omitted]
[info] ✔  extensions: required API firebaseextensions.googleapis.com is enabled 
[debug] [2025-01-15T07:19:34.152Z] > command requires scopes: ["email","openid","https://www.googleapis.com/auth/cloudplatformprojects.readonly","https://www.googleapis.com/auth/firebase","https://www.googleapis.com/auth/cloud-platform"]
[debug] [2025-01-15T07:19:34.152Z] > authorizing via signed-in user (anna.xu@yale.edu)
[debug] [2025-01-15T07:19:34.152Z] [iam] checking project yims-125a2 for permissions ["firebase.projects.get","firebaseextensions.instances.list"]
[debug] [2025-01-15T07:19:34.152Z] Checked if tokens are valid: true, expires at: 1736927782543
[debug] [2025-01-15T07:19:34.152Z] Checked if tokens are valid: true, expires at: 1736927782543
[debug] [2025-01-15T07:19:34.152Z] >>> [apiv2][query] POST https://cloudresourcemanager.googleapis.com/v1/projects/yims-125a2:testIamPermissions [none]
[debug] [2025-01-15T07:19:34.152Z] >>> [apiv2][(partial)header] POST https://cloudresourcemanager.googleapis.com/v1/projects/yims-125a2:testIamPermissions x-goog-quota-user=projects/yims-125a2
[debug] [2025-01-15T07:19:34.152Z] >>> [apiv2][body] POST https://cloudresourcemanager.googleapis.com/v1/projects/yims-125a2:testIamPermissions {"permissions":["firebase.projects.get","firebaseextensions.instances.list"]}
[debug] [2025-01-15T07:19:34.267Z] <<< [apiv2][status] POST https://cloudresourcemanager.googleapis.com/v1/projects/yims-125a2:testIamPermissions 200
[debug] [2025-01-15T07:19:34.268Z] <<< [apiv2][body] POST https://cloudresourcemanager.googleapis.com/v1/projects/yims-125a2:testIamPermissions {"permissions":["firebase.projects.get","firebaseextensions.instances.list"]}
[debug] [2025-01-15T07:19:34.268Z] Checked if tokens are valid: true, expires at: 1736927782543
[debug] [2025-01-15T07:19:34.268Z] Checked if tokens are valid: true, expires at: 1736927782543
[debug] [2025-01-15T07:19:34.268Z] >>> [apiv2][query] GET https://firebaseextensions.googleapis.com/v1beta/projects/yims-125a2/instances pageSize=100&pageToken=
[debug] [2025-01-15T07:19:34.501Z] <<< [apiv2][status] GET https://firebaseextensions.googleapis.com/v1beta/projects/yims-125a2/instances 200
[debug] [2025-01-15T07:19:34.501Z] <<< [apiv2][body] GET https://firebaseextensions.googleapis.com/v1beta/projects/yims-125a2/instances {}
[info] i  functions: preparing functions directory for uploading... 
[info] i  functions: packaged /Users/annaxu/Desktop/yaleims/frontend/functions (217.75 MB) for uploading 
[debug] [2025-01-15T07:19:40.808Z] Checked if tokens are valid: true, expires at: 1736927782543
[debug] [2025-01-15T07:19:40.808Z] Checked if tokens are valid: true, expires at: 1736927782543
[debug] [2025-01-15T07:19:40.808Z] >>> [apiv2][query] GET https://cloudfunctions.googleapis.com/v1/projects/yims-125a2/locations/-/functions [none]
[debug] [2025-01-15T07:19:41.300Z] <<< [apiv2][status] GET https://cloudfunctions.googleapis.com/v1/projects/yims-125a2/locations/-/functions 200
[debug] [2025-01-15T07:19:41.300Z] <<< [apiv2][body] GET https://cloudfunctions.googleapis.com/v1/projects/yims-125a2/locations/-/functions {}
[debug] [2025-01-15T07:19:41.300Z] Checked if tokens are valid: true, expires at: 1736927782543
[debug] [2025-01-15T07:19:41.301Z] Checked if tokens are valid: true, expires at: 1736927782543
[debug] [2025-01-15T07:19:41.301Z] >>> [apiv2][query] GET https://cloudfunctions.googleapis.com/v2/projects/yims-125a2/locations/-/functions filter=environment%3D%22GEN_2%22
[debug] [2025-01-15T07:19:41.711Z] <<< [apiv2][status] GET https://cloudfunctions.googleapis.com/v2/projects/yims-125a2/locations/-/functions 200
[debug] [2025-01-15T07:19:41.711Z] <<< [apiv2][body] GET https://cloudfunctions.googleapis.com/v2/projects/yims-125a2/locations/-/functions {"functions":[{"name":"projects/yims-125a2/locations/us-central1/functions/addParticipant","buildConfig":{"build":"projects/846558223250/locations/us-central1/builds/582f118b-6078-416c-b69b-9c0c497b79f6","runtime":"nodejs18","entryPoint":"addParticipant","source":{"storageSource":{"bucket":"gcf-v2-sources-846558223250-us-central1","object":"addParticipant/function-source.zip","generation":"1736915492101997"}},"environmentVariables":{"GOOGLE_NODE_RUN_SCRIPTS":""},"dockerRepository":"projects/yims-125a2/locations/us-central1/repositories/gcf-artifacts","sourceProvenance":{"resolvedStorageSource":{"bucket":"gcf-v2-sources-846558223250-us-central1","object":"addParticipant/function-source.zip","generation":"1736915492101997"}},"dockerRegistry":"ARTIFACT_REGISTRY","serviceAccount":"projects/yims-125a2/serviceAccounts/846558223250-compute@developer.gserviceaccount.com","automaticUpdatePolicy":{}},"serviceConfig":{"service":"projects/yims-125a2/locations/us-central1/services/addparticipant","timeoutSeconds":60,"environmentVariables":{"FIREBASE_CONFIG":"{\"projectId\":\"yims-125a2\",\"storageBucket\":\"yims-125a2.appspot.com\",\"locationId\":\"us-central\"}","GCLOUD_PROJECT":"yims-125a2","EVENTARC_CLOUD_EVENT_SOURCE":"projects/yims-125a2/locations/us-central1/services/addParticipant","FUNCTION_TARGET":"addParticipant","LOG_EXECUTION_ID":"true"},"maxInstanceCount":100,"ingressSettings":"ALLOW_ALL","uri":"https://addparticipant-65477nrg6a-uc.a.run.app","serviceAccountEmail":"846558223250-compute@developer.gserviceaccount.com","availableMemory":"256Mi","allTrafficOnLatestRevision":true,"revision":"addparticipant-00018-mid","maxInstanceRequestConcurrency":80,"availableCpu":"1"},"state":"ACTIVE","updateTime":"2025-01-15T04:32:17.636073716Z","labels":{"deployment-tool":"cli-firebase","firebase-functions-hash":"3bb952fe4d15a40defb5aa6419c6296b81aa3281"},"environment":"GEN_2","url":"https://us-central1-yims-125a2.cloudfunctions.net/addParticipant","createTime":"2024-12-31T05:14:52.521619745Z"},{"name":"projects/yims-125a2/locations/us-central1/functions/getCollegeMatches","buildConfig":{"build":"projects/846558223250/locations/us-central1/builds/12198671-46af-4f02-a8ad-c236e105b585","runtime":"nodejs18","entryPoint":"getCollegeMatches","source":{"storageSource":{"bucket":"gcf-v2-sources-846558223250-us-central1","object":"getCollegeMatches/function-source.zip","generation":"1736925392523343"}},"environmentVariables":{"GOOGLE_NODE_RUN_SCRIPTS":""},"dockerRepository":"projects/yims-125a2/locations/us-central1/repositories/gcf-artifacts","sourceProvenance":{"resolvedStorageSource":{"bucket":"gcf-v2-sources-846558223250-us-central1","object":"getCollegeMatches/function-source.zip","generation":"1736925392523343"}},"dockerRegistry":"ARTIFACT_REGISTRY","serviceAccount":"projects/yims-125a2/serviceAccounts/846558223250-compute@developer.gserviceaccount.com","automaticUpdatePolicy":{}},"serviceConfig":{"service":"projects/yims-125a2/locations/us-central1/services/getcollegematches","timeoutSeconds":60,"environmentVariables":{"FIREBASE_CONFIG":"{\"projectId\":\"yims-125a2\",\"storageBucket\":\"yims-125a2.appspot.com\",\"locationId\":\"us-central\"}","GCLOUD_PROJECT":"yims-125a2","EVENTARC_CLOUD_EVENT_SOURCE":"projects/yims-125a2/locations/us-central1/services/getCollegeMatches","FUNCTION_TARGET":"getCollegeMatches","LOG_EXECUTION_ID":"true"},"maxInstanceCount":100,"ingressSettings":"ALLOW_ALL","uri":"https://getcollegematches-65477nrg6a-uc.a.run.app","serviceAccountEmail":"846558223250-compute@developer.gserviceaccount.com","availableMemory":"256Mi","allTrafficOnLatestRevision":true,"revision":"getcollegematches-00012-yey","maxInstanceRequestConcurrency":80,"availableCpu":"1"},"state":"ACTIVE","updateTime":"2025-01-15T07:17:23.803056734Z","labels":{"deployment-tool":"cli-firebase","firebase-functions-hash":"fbb0375f4764d9a2683111dd36e61f5f71254d05"},"environment":"GEN_2","url":"https://us-central1-yims-125a2.cloudfunctions.net/getCollegeMatches","createTime":"2025-01-06T23:49:16.705895545Z"},{"name":"projects/yims-125a2/locations/us-central1/functions/getUserMatches","buildConfig":{"build":"projects/846558223250/locations/us-central1/builds/865550b7-2540-451f-a9c7-1b370e47bbde","runtime":"nodejs18","entryPoint":"getUserMatches","source":{"storageSource":{"bucket":"gcf-v2-sources-846558223250-us-central1","object":"getUserMatches/function-source.zip","generation":"1736342299001561"}},"environmentVariables":{"GOOGLE_NODE_RUN_SCRIPTS":""},"dockerRepository":"projects/yims-125a2/locations/us-central1/repositories/gcf-artifacts","sourceProvenance":{"resolvedStorageSource":{"bucket":"gcf-v2-sources-846558223250-us-central1","object":"getUserMatches/function-source.zip","generation":"1736342299001561"}},"dockerRegistry":"ARTIFACT_REGISTRY","serviceAccount":"projects/yims-125a2/serviceAccounts/846558223250-compute@developer.gserviceaccount.com","automaticUpdatePolicy":{}},"serviceConfig":{"service":"projects/yims-125a2/locations/us-central1/services/getusermatches","timeoutSeconds":60,"environmentVariables":{"FIREBASE_CONFIG":"{\"projectId\":\"yims-125a2\",\"storageBucket\":\"yims-125a2.appspot.com\",\"locationId\":\"us-central\"}","GCLOUD_PROJECT":"yims-125a2","EVENTARC_CLOUD_EVENT_SOURCE":"projects/yims-125a2/locations/us-central1/services/getUserMatches","FUNCTION_TARGET":"getUserMatches","LOG_EXECUTION_ID":"true"},"maxInstanceCount":100,"ingressSettings":"ALLOW_ALL","uri":"https://getusermatches-65477nrg6a-uc.a.run.app","serviceAccountEmail":"846558223250-compute@developer.gserviceaccount.com","availableMemory":"256Mi","allTrafficOnLatestRevision":true,"revision":"getusermatches-00002-cup","maxInstanceRequestConcurrency":80,"availableCpu":"1"},"state":"ACTIVE","updateTime":"2025-01-08T13:19:09.729816529Z","labels":{"deployment-tool":"cli-firebase","firebase-functions-hash":"f0133da68b11e4fa724c39e400b64efd15824315"},"environment":"GEN_2","url":"https://us-central1-yims-125a2.cloudfunctions.net/getUserMatches","createTime":"2025-01-02T04:30:54.322603374Z"},{"name":"projects/yims-125a2/locations/us-central1/functions/getMatches","buildConfig":{"build":"projects/846558223250/locations/us-central1/builds/297397d2-d337-4098-99ff-48bb56533b97","runtime":"nodejs18","entryPoint":"getMatches","source":{"storageSource":{"bucket":"gcf-v2-sources-846558223250-us-central1","object":"getMatches/function-source.zip","generation":"1736910878214489"}},"environmentVariables":{"GOOGLE_NODE_RUN_SCRIPTS":""},"dockerRepository":"projects/yims-125a2/locations/us-central1/repositories/gcf-artifacts","sourceProvenance":{"resolvedStorageSource":{"bucket":"gcf-v2-sources-846558223250-us-central1","object":"getMatches/function-source.zip","generation":"1736910878214489"}},"dockerRegistry":"ARTIFACT_REGISTRY","serviceAccount":"projects/yims-125a2/serviceAccounts/846558223250-compute@developer.gserviceaccount.com","automaticUpdatePolicy":{}},"serviceConfig":{"service":"projects/yims-125a2/locations/us-central1/services/getmatches","timeoutSeconds":60,"environmentVariables":{"FIREBASE_CONFIG":"{\"projectId\":\"yims-125a2\",\"storageBucket\":\"yims-125a2.appspot.com\",\"locationId\":\"us-central\"}","GCLOUD_PROJECT":"yims-125a2","EVENTARC_CLOUD_EVENT_SOURCE":"projects/yims-125a2/locations/us-central1/services/getMatches","FUNCTION_TARGET":"getMatches","LOG_EXECUTION_ID":"true"},"maxInstanceCount":100,"ingressSettings":"ALLOW_ALL","uri":"https://getmatches-65477nrg6a-uc.a.run.app","serviceAccountEmail":"846558223250-compute@developer.gserviceaccount.com","availableMemory":"256Mi","allTrafficOnLatestRevision":true,"revision":"getmatches-00003-mot","maxInstanceRequestConcurrency":80,"availableCpu":"1"},"state":"ACTIVE","updateTime":"2025-01-15T03:15:31.310052935Z","labels":{"deployment-tool":"cli-firebase","firebase-functions-hash":"c9adb5afc1077bea0011609e988b28ba243b39ae"},"environment":"GEN_2","url":"https://us-central1-yims-125a2.cloudfunctions.net/getMatches","createTime":"2025-01-08T13:03:03.327381110Z"},{"name":"projects/yims-125a2/locations/us-central1/functions/getMatchesPaginated","buildConfig":{"build":"projects/846558223250/locations/us-central1/builds/0ff7c5d1-54d9-4123-af23-229e8a59ea32","runtime":"nodejs18","entryPoint":"getMatchesPaginated","source":{"storageSource":{"bucket":"gcf-v2-sources-846558223250-us-central1","object":"getMatchesPaginated/function-source.zip","generation":"1735915103259760"}},"environmentVariables":{"GOOGLE_NODE_RUN_SCRIPTS":""},"dockerRepository":"projects/yims-125a2/locations/us-central1/repositories/gcf-artifacts","sourceProvenance":{"resolvedStorageSource":{"bucket":"gcf-v2-sources-846558223250-us-central1","object":"getMatchesPaginated/function-source.zip","generation":"1735915103259760"}},"dockerRegistry":"ARTIFACT_REGISTRY","serviceAccount":"projects/yims-125a2/serviceAccounts/846558223250-compute@developer.gserviceaccount.com","automaticUpdatePolicy":{}},"serviceConfig":{"service":"projects/yims-125a2/locations/us-central1/services/getmatchespaginated","timeoutSeconds":60,"environmentVariables":{"FIREBASE_CONFIG":"{\"projectId\":\"yims-125a2\",\"storageBucket\":\"yims-125a2.appspot.com\",\"locationId\":\"us-central\"}","GCLOUD_PROJECT":"yims-125a2","EVENTARC_CLOUD_EVENT_SOURCE":"projects/yims-125a2/locations/us-central1/services/getMatchesPaginated","FUNCTION_TARGET":"getMatchesPaginated","LOG_EXECUTION_ID":"true"},"maxInstanceCount":100,"ingressSettings":"ALLOW_ALL","uri":"https://getmatchespaginated-65477nrg6a-uc.a.run.app","serviceAccountEmail":"846558223250-compute@developer.gserviceaccount.com","availableMemory":"256Mi","allTrafficOnLatestRevision":true,"revision":"getmatchespaginated-00026-kow","maxInstanceRequestConcurrency":80,"availableCpu":"1"},"state":"ACTIVE","updateTime":"2025-01-03T14:39:30.469789046Z","labels":{"deployment-tool":"cli-firebase","firebase-functions-hash":"4bbfd5113f273fd818cfdffc7ba925b7263096c4"},"environment":"GEN_2","url":"https://us-central1-yims-125a2.cloudfunctions.net/getMatchesPaginated","createTime":"2024-12-28T19:09:49.386189684Z"},{"name":"projects/yims-125a2/locations/us-central1/functions/getLeaderboard","buildConfig":{"build":"projects/846558223250/locations/us-central1/builds/df5e3d2f-03c9-4134-a508-cf8e590269bc","runtime":"nodejs18","entryPoint":"getLeaderboard","source":{"storageSource":{"bucket":"gcf-v2-sources-846558223250-us-central1","object":"getLeaderboard/function-source.zip","generation":"1736349433303116"}},"environmentVariables":{"GOOGLE_NODE_RUN_SCRIPTS":""},"dockerRepository":"projects/yims-125a2/locations/us-central1/repositories/gcf-artifacts","sourceProvenance":{"resolvedStorageSource":{"bucket":"gcf-v2-sources-846558223250-us-central1","object":"getLeaderboard/function-source.zip","generation":"1736349433303116"}},"dockerRegistry":"ARTIFACT_REGISTRY","serviceAccount":"projects/yims-125a2/serviceAccounts/846558223250-compute@developer.gserviceaccount.com","automaticUpdatePolicy":{}},"serviceConfig":{"service":"projects/yims-125a2/locations/us-central1/services/getleaderboard","timeoutSeconds":60,"environmentVariables":{"FIREBASE_CONFIG":"{\"projectId\":\"yims-125a2\",\"storageBucket\":\"yims-125a2.appspot.com\",\"locationId\":\"us-central\"}","GCLOUD_PROJECT":"yims-125a2","EVENTARC_CLOUD_EVENT_SOURCE":"projects/yims-125a2/locations/us-central1/services/getLeaderboard","FUNCTION_TARGET":"getLeaderboard","LOG_EXECUTION_ID":"true","FUNCTION_SIGNATURE_TYPE":"http"},"maxInstanceCount":100,"ingressSettings":"ALLOW_ALL","uri":"https://getleaderboard-65477nrg6a-uc.a.run.app","serviceAccountEmail":"846558223250-compute@developer.gserviceaccount.com","availableMemory":"256Mi","allTrafficOnLatestRevision":true,"revision":"getleaderboard-00031-des","maxInstanceRequestConcurrency":80,"availableCpu":"1"},"state":"ACTIVE","updateTime":"2025-01-08T15:18:04.837651202Z","labels":{"deployment-tool":"cli-firebase","firebase-functions-hash":"a25f26fbb5047e5babfdbd4021c1b8022679dc98"},"environment":"GEN_2","url":"https://us-central1-yims-125a2.cloudfunctions.net/getLeaderboard","createTime":"2024-10-26T19:56:38.776227664Z"},{"name":"projects/yims-125a2/locations/us-central1/functions/fetchOrAddUser","buildConfig":{"build":"projects/846558223250/locations/us-central1/builds/cb38cab6-8223-4d44-90e6-68921da398bc","runtime":"nodejs18","entryPoint":"fetchOrAddUser","source":{"storageSource":{"bucket":"gcf-v2-sources-846558223250-us-central1","object":"fetchOrAddUser/function-source.zip","generation":"1736827366443190"}},"environmentVariables":{"GOOGLE_NODE_RUN_SCRIPTS":""},"dockerRepository":"projects/yims-125a2/locations/us-central1/repositories/gcf-artifacts","sourceProvenance":{"resolvedStorageSource":{"bucket":"gcf-v2-sources-846558223250-us-central1","object":"fetchOrAddUser/function-source.zip","generation":"1736827366443190"}},"dockerRegistry":"ARTIFACT_REGISTRY","serviceAccount":"projects/yims-125a2/serviceAccounts/846558223250-compute@developer.gserviceaccount.com","automaticUpdatePolicy":{}},"serviceConfig":{"service":"projects/yims-125a2/locations/us-central1/services/fetchoradduser","timeoutSeconds":60,"environmentVariables":{"FIREBASE_CONFIG":"{\"projectId\":\"yims-125a2\",\"storageBucket\":\"yims-125a2.appspot.com\",\"locationId\":\"us-central\"}","GCLOUD_PROJECT":"yims-125a2","EVENTARC_CLOUD_EVENT_SOURCE":"projects/yims-125a2/locations/us-central1/services/fetchOrAddUser","FUNCTION_TARGET":"fetchOrAddUser","LOG_EXECUTION_ID":"true","FUNCTION_SIGNATURE_TYPE":"http"},"maxInstanceCount":100,"ingressSettings":"ALLOW_ALL","uri":"https://fetchoradduser-65477nrg6a-uc.a.run.app","serviceAccountEmail":"846558223250-compute@developer.gserviceaccount.com","availableMemory":"256Mi","allTrafficOnLatestRevision":true,"revision":"fetchoradduser-00014-doq","maxInstanceRequestConcurrency":80,"availableCpu":"1"},"state":"ACTIVE","updateTime":"2025-01-14T04:03:47.482814289Z","labels":{"deployment-tool":"cli-firebase","firebase-functions-hash":"0e07794f8ed31aec54af09c9837f934d8304e575"},"environment":"GEN_2","url":"https://us-central1-yims-125a2.cloudfunctions.net/fetchOrAddUser","createTime":"2024-11-29T01:59:49.195234912Z"},{"name":"projects/yims-125a2/locations/us-central1/functions/getMyAvailablePoints","buildConfig":{"build":"projects/846558223250/locations/us-central1/builds/47e009db-a042-4932-9c6e-6dfa5ada50b9","runtime":"nodejs18","entryPoint":"getMyAvailablePoints","source":{"storageSource":{"bucket":"gcf-v2-sources-846558223250-us-central1","object":"getMyAvailablePoints/function-source.zip","generation":"1736324770282586"}},"environmentVariables":{"GOOGLE_NODE_RUN_SCRIPTS":""},"dockerRepository":"projects/yims-125a2/locations/us-central1/repositories/gcf-artifacts","sourceProvenance":{"resolvedStorageSource":{"bucket":"gcf-v2-sources-846558223250-us-central1","object":"getMyAvailablePoints/function-source.zip","generation":"1736324770282586"}},"dockerRegistry":"ARTIFACT_REGISTRY","serviceAccount":"projects/yims-125a2/serviceAccounts/846558223250-compute@developer.gserviceaccount.com","automaticUpdatePolicy":{}},"serviceConfig":{"service":"projects/yims-125a2/locations/us-central1/services/getmyavailablepoints","timeoutSeconds":60,"environmentVariables":{"FIREBASE_CONFIG":"{\"projectId\":\"yims-125a2\",\"storageBucket\":\"yims-125a2.appspot.com\",\"locationId\":\"us-central\"}","GCLOUD_PROJECT":"yims-125a2","EVENTARC_CLOUD_EVENT_SOURCE":"projects/yims-125a2/locations/us-central1/services/getMyAvailablePoints","FUNCTION_TARGET":"getMyAvailablePoints","LOG_EXECUTION_ID":"true","FUNCTION_SIGNATURE_TYPE":"http"},"maxInstanceCount":100,"ingressSettings":"ALLOW_ALL","uri":"https://getmyavailablepoints-65477nrg6a-uc.a.run.app","serviceAccountEmail":"846558223250-compute@developer.gserviceaccount.com","availableMemory":"256Mi","allTrafficOnLatestRevision":true,"revision":"getmyavailablepoints-00004-yiz","maxInstanceRequestConcurrency":80,"availableCpu":"1"},"state":"ACTIVE","updateTime":"2025-01-08T08:26:55.673935971Z","labels":{"deployment-tool":"cli-firebase","firebase-functions-hash":"b09f5f4064bec96f666dfd5e3256bbaea62ab397"},"environment":"GEN_2","url":"https://us-central1-yims-125a2.cloudfunctions.net/getMyAvailablePoints","createTime":"2025-01-07T23:47:06.601029224Z"},{"name":"projects/yims-125a2/locations/us-central1/functions/removeParticipant","buildConfig":{"build":"projects/846558223250/locations/us-central1/builds/0b94cb33-c387-4fda-8afd-3b1893f26e83","runtime":"nodejs18","entryPoint":"removeParticipant","source":{"storageSource":{"bucket":"gcf-v2-sources-846558223250-us-central1","object":"removeParticipant/function-source.zip","generation":"1736912311136359"}},"environmentVariables":{"GOOGLE_NODE_RUN_SCRIPTS":""},"dockerRepository":"projects/yims-125a2/locations/us-central1/repositories/gcf-artifacts","sourceProvenance":{"resolvedStorageSource":{"bucket":"gcf-v2-sources-846558223250-us-central1","object":"removeParticipant/function-source.zip","generation":"1736912311136359"}},"dockerRegistry":"ARTIFACT_REGISTRY","serviceAccount":"projects/yims-125a2/serviceAccounts/846558223250-compute@developer.gserviceaccount.com","automaticUpdatePolicy":{}},"serviceConfig":{"service":"projects/yims-125a2/locations/us-central1/services/removeparticipant","timeoutSeconds":60,"environmentVariables":{"FIREBASE_CONFIG":"{\"projectId\":\"yims-125a2\",\"storageBucket\":\"yims-125a2.appspot.com\",\"locationId\":\"us-central\"}","GCLOUD_PROJECT":"yims-125a2","EVENTARC_CLOUD_EVENT_SOURCE":"projects/yims-125a2/locations/us-central1/services/removeParticipant","FUNCTION_TARGET":"removeParticipant","LOG_EXECUTION_ID":"true"},"maxInstanceCount":100,"ingressSettings":"ALLOW_ALL","uri":"https://removeparticipant-65477nrg6a-uc.a.run.app","serviceAccountEmail":"846558223250-compute@developer.gserviceaccount.com","availableMemory":"256Mi","allTrafficOnLatestRevision":true,"revision":"removeparticipant-00003-zep","maxInstanceRequestConcurrency":80,"availableCpu":"1"},"state":"ACTIVE","updateTime":"2025-01-15T03:39:33.090057256Z","labels":{"deployment-tool":"cli-firebase","firebase-functions-hash":"83d6d2b19adfd4117b578bb3286cbd9d4e3008f3"},"environment":"GEN_2","url":"https://us-central1-yims-125a2.cloudfunctions.net/removeParticipant","createTime":"2025-01-07T07:49:08.535229671Z"},{"name":"projects/yims-125a2/locations/us-central1/functions/getCollege","buildConfig":{"build":"projects/846558223250/locations/us-central1/builds/e3252616-4f2a-46ff-8f7c-c2358ca9ce8f","runtime":"nodejs18","entryPoint":"getCollege","source":{"storageSource":{"bucket":"gcf-v2-sources-846558223250-us-central1","object":"getCollege/function-source.zip","generation":"1736296852948057"}},"environmentVariables":{"GOOGLE_NODE_RUN_SCRIPTS":""},"dockerRepository":"projects/yims-125a2/locations/us-central1/repositories/gcf-artifacts","sourceProvenance":{"resolvedStorageSource":{"bucket":"gcf-v2-sources-846558223250-us-central1","object":"getCollege/function-source.zip","generation":"1736296852948057"}},"dockerRegistry":"ARTIFACT_REGISTRY","serviceAccount":"projects/yims-125a2/serviceAccounts/846558223250-compute@developer.gserviceaccount.com","automaticUpdatePolicy":{}},"serviceConfig":{"service":"projects/yims-125a2/locations/us-central1/services/getcollege","timeoutSeconds":60,"environmentVariables":{"FIREBASE_CONFIG":"{\"projectId\":\"yims-125a2\",\"storageBucket\":\"yims-125a2.appspot.com\",\"locationId\":\"us-central\"}","GCLOUD_PROJECT":"yims-125a2","EVENTARC_CLOUD_EVENT_SOURCE":"projects/yims-125a2/locations/us-central1/services/getCollege","FUNCTION_TARGET":"getCollege","LOG_EXECUTION_ID":"true","FUNCTION_SIGNATURE_TYPE":"http"},"maxInstanceCount":100,"ingressSettings":"ALLOW_ALL","uri":"https://getcollege-65477nrg6a-uc.a.run.app","serviceAccountEmail":"846558223250-compute@developer.gserviceaccount.com","availableMemory":"256Mi","allTrafficOnLatestRevision":true,"revision":"getcollege-00005-kuc","maxInstanceRequestConcurrency":80,"availableCpu":"1"},"state":"ACTIVE","updateTime":"2025-01-08T00:41:02.898600119Z","labels":{"deployment-tool":"cli-firebase","firebase-functions-hash":"9ba5277ad3e2679db20626a5f593924293a61f09"},"environment":"GEN_2","url":"https://us-central1-yims-125a2.cloudfunctions.net/getCollege","createTime":"2024-12-23T20:42:42.074141472Z"},{"name":"projects/yims-125a2/locations/us-central1/functions/getUnscoredMatches","buildConfig":{"build":"projects/846558223250/locations/us-central1/builds/a28abcdb-6394-44de-9fc7-adc6a9b5e3cc","runtime":"nodejs18","entryPoint":"getUnscoredMatches","source":{"storageSource":{"bucket":"gcf-v2-sources-846558223250-us-central1","object":"getUnscoredMatches/function-source.zip","generation":"1736732747076447"}},"environmentVariables":{"GOOGLE_NODE_RUN_SCRIPTS":""},"dockerRepository":"projects/yims-125a2/locations/us-central1/repositories/gcf-artifacts","sourceProvenance":{"resolvedStorageSource":{"bucket":"gcf-v2-sources-846558223250-us-central1","object":"getUnscoredMatches/function-source.zip","generation":"1736732747076447"}},"dockerRegistry":"ARTIFACT_REGISTRY","serviceAccount":"projects/yims-125a2/serviceAccounts/846558223250-compute@developer.gserviceaccount.com","automaticUpdatePolicy":{}},"serviceConfig":{"service":"projects/yims-125a2/locations/us-central1/services/getunscoredmatches","timeoutSeconds":60,"environmentVariables":{"FIREBASE_CONFIG":"{\"projectId\":\"yims-125a2\",\"storageBucket\":\"yims-125a2.appspot.com\",\"locationId\":\"us-central\"}","GCLOUD_PROJECT":"yims-125a2","EVENTARC_CLOUD_EVENT_SOURCE":"projects/yims-125a2/locations/us-central1/services/getUnscoredMatches","FUNCTION_TARGET":"getUnscoredMatches","LOG_EXECUTION_ID":"true","FUNCTION_SIGNATURE_TYPE":"http"},"maxInstanceCount":100,"ingressSettings":"ALLOW_ALL","uri":"https://getunscoredmatches-65477nrg6a-uc.a.run.app","serviceAccountEmail":"846558223250-compute@developer.gserviceaccount.com","availableMemory":"256Mi","allTrafficOnLatestRevision":true,"revision":"getunscoredmatches-00013-fal","maxInstanceRequestConcurrency":80,"availableCpu":"1"},"state":"ACTIVE","updateTime":"2025-01-13T01:46:33.085850395Z","labels":{"deployment-tool":"cli-firebase","firebase-functions-hash":"6a4a4922b622b2d53dce44b75d4e2aa5323bd6bc"},"environment":"GEN_2","url":"https://us-central1-yims-125a2.cloudfunctions.net/getUnscoredMatches","createTime":"2024-12-25T17:53:40.657647942Z"},{"name":"projects/yims-125a2/locations/us-central1/functions/getSchedulePaginated","buildConfig":{"build":"projects/846558223250/locations/us-central1/builds/abfc6263-bfd1-49b6-bdcf-e01724c09b24","runtime":"nodejs18","entryPoint":"getSchedulePaginated","source":{"storageSource":{"bucket":"gcf-v2-sources-846558223250-us-central1","object":"getSchedulePaginated/function-source.zip","generation":"1736913401809102"}},"environmentVariables":{"GOOGLE_NODE_RUN_SCRIPTS":""},"dockerRepository":"projects/yims-125a2/locations/us-central1/repositories/gcf-artifacts","sourceProvenance":{"resolvedStorageSource":{"bucket":"gcf-v2-sources-846558223250-us-central1","object":"getSchedulePaginated/function-source.zip","generation":"1736913401809102"}},"dockerRegistry":"ARTIFACT_REGISTRY","serviceAccount":"projects/yims-125a2/serviceAccounts/846558223250-compute@developer.gserviceaccount.com","automaticUpdatePolicy":{}},"serviceConfig":{"service":"projects/yims-125a2/locations/us-central1/services/getschedulepaginated","timeoutSeconds":60,"environmentVariables":{"FIREBASE_CONFIG":"{\"projectId\":\"yims-125a2\",\"storageBucket\":\"yims-125a2.appspot.com\",\"locationId\":\"us-central\"}","GCLOUD_PROJECT":"yims-125a2","EVENTARC_CLOUD_EVENT_SOURCE":"projects/yims-125a2/locations/us-central1/services/getSchedulePaginated","FUNCTION_TARGET":"getSchedulePaginated","LOG_EXECUTION_ID":"true"},"maxInstanceCount":100,"ingressSettings":"ALLOW_ALL","uri":"https://getschedulepaginated-65477nrg6a-uc.a.run.app","serviceAccountEmail":"846558223250-compute@developer.gserviceaccount.com","availableMemory":"256Mi","allTrafficOnLatestRevision":true,"revision":"getschedulepaginated-00006-ruk","maxInstanceRequestConcurrency":80,"availableCpu":"1"},"state":"ACTIVE","updateTime":"2025-01-15T03:57:31.444565104Z","labels":{"deployment-tool":"cli-firebase","firebase-functions-hash":"137e85b6fcd858a157beda56803e04b2b1cec146"},"environment":"GEN_2","url":"https://us-central1-yims-125a2.cloudfunctions.net/getSchedulePaginated","createTime":"2025-01-07T21:50:58.104347924Z"},{"name":"projects/yims-125a2/locations/us-central1/functions/getUserLeaderboard","buildConfig":{"build":"projects/846558223250/locations/us-central1/builds/f62c3695-b118-4f31-b19f-b02faba0e7cf","runtime":"nodejs18","entryPoint":"getUserLeaderboard","source":{"storageSource":{"bucket":"gcf-v2-sources-846558223250-us-central1","object":"getUserLeaderboard/function-source.zip","generation":"1736327214836219"}},"environmentVariables":{"GOOGLE_NODE_RUN_SCRIPTS":""},"dockerRepository":"projects/yims-125a2/locations/us-central1/repositories/gcf-artifacts","sourceProvenance":{"resolvedStorageSource":{"bucket":"gcf-v2-sources-846558223250-us-central1","object":"getUserLeaderboard/function-source.zip","generation":"1736327214836219"}},"dockerRegistry":"ARTIFACT_REGISTRY","serviceAccount":"projects/yims-125a2/serviceAccounts/846558223250-compute@developer.gserviceaccount.com","automaticUpdatePolicy":{}},"serviceConfig":{"service":"projects/yims-125a2/locations/us-central1/services/getuserleaderboard","timeoutSeconds":60,"environmentVariables":{"FIREBASE_CONFIG":"{\"projectId\":\"yims-125a2\",\"storageBucket\":\"yims-125a2.appspot.com\",\"locationId\":\"us-central\"}","GCLOUD_PROJECT":"yims-125a2","EVENTARC_CLOUD_EVENT_SOURCE":"projects/yims-125a2/locations/us-central1/services/getUserLeaderboard","FUNCTION_TARGET":"getUserLeaderboard","LOG_EXECUTION_ID":"true"},"maxInstanceCount":100,"ingressSettings":"ALLOW_ALL","uri":"https://getuserleaderboard-65477nrg6a-uc.a.run.app","serviceAccountEmail":"846558223250-compute@developer.gserviceaccount.com","availableMemory":"256Mi","allTrafficOnLatestRevision":true,"revision":"getuserleaderboard-00001-gab","maxInstanceRequestConcurrency":80,"availableCpu":"1"},"state":"ACTIVE","updateTime":"2025-01-08T09:07:49.924411128Z","labels":{"deployment-tool":"cli-firebase","firebase-functions-hash":"1c7cee5f67ca262a77b7e0e35d3d322ed2449fe1"},"environment":"GEN_2","url":"https://us-central1-yims-125a2.cloudfunctions.net/getUserLeaderboard","createTime":"2025-01-08T09:06:55.034330227Z"},{"name":"projects/yims-125a2/locations/us-central1/functions/updateUserLeaderboard","buildConfig":{"build":"projects/846558223250/locations/us-central1/builds/e3252616-4f2a-46ff-8f7c-c2358ca9ce8f","runtime":"nodejs18","entryPoint":"updateUserLeaderboard","source":{"storageSource":{"bucket":"gcf-v2-sources-846558223250-us-central1","object":"updateUserLeaderboard/function-source.zip","generation":"1736296852765233"}},"environmentVariables":{"GOOGLE_NODE_RUN_SCRIPTS":""},"dockerRepository":"projects/yims-125a2/locations/us-central1/repositories/gcf-artifacts","sourceProvenance":{"resolvedStorageSource":{"bucket":"gcf-v2-sources-846558223250-us-central1","object":"updateUserLeaderboard/function-source.zip","generation":"1736296852765233"}},"dockerRegistry":"ARTIFACT_REGISTRY","serviceAccount":"projects/yims-125a2/serviceAccounts/846558223250-compute@developer.gserviceaccount.com","automaticUpdatePolicy":{}},"serviceConfig":{"service":"projects/yims-125a2/locations/us-central1/services/updateuserleaderboard","timeoutSeconds":60,"environmentVariables":{"FIREBASE_CONFIG":"{\"projectId\":\"yims-125a2\",\"storageBucket\":\"yims-125a2.appspot.com\",\"locationId\":\"us-central\"}","GCLOUD_PROJECT":"yims-125a2","EVENTARC_CLOUD_EVENT_SOURCE":"projects/yims-125a2/locations/us-central1/services/updateUserLeaderboard","FUNCTION_TARGET":"updateUserLeaderboard","LOG_EXECUTION_ID":"true","FUNCTION_SIGNATURE_TYPE":"http"},"maxInstanceCount":100,"ingressSettings":"ALLOW_ALL","uri":"https://updateuserleaderboard-65477nrg6a-uc.a.run.app","serviceAccountEmail":"846558223250-compute@developer.gserviceaccount.com","availableMemory":"256Mi","allTrafficOnLatestRevision":true,"revision":"updateuserleaderboard-00002-huk","maxInstanceRequestConcurrency":80,"availableCpu":"1"},"state":"ACTIVE","updateTime":"2025-01-08T00:41:02.915462573Z","labels":{"firebase-functions-hash":"9ba5277ad3e2679db20626a5f593924293a61f09","deployment-tool":"cli-firebase"},"environment":"GEN_2","url":"https://us-central1-yims-125a2.cloudfunctions.net/updateUserLeaderboard","createTime":"2025-01-07T23:47:06.509855434Z"},{"name":"projects/yims-125a2/locations/us-central1/functions/addBet","buildConfig":{"build":"projects/846558223250/locations/us-central1/builds/76e4145a-23a7-4bb3-9f74-7d75678b155d","runtime":"nodejs18","entryPoint":"addBet","source":{"storageSource":{"bucket":"gcf-v2-sources-846558223250-us-central1","object":"addBet/function-source.zip","generation":"1736385313544157"}},"environmentVariables":{"GOOGLE_NODE_RUN_SCRIPTS":""},"dockerRepository":"projects/yims-125a2/locations/us-central1/repositories/gcf-artifacts","sourceProvenance":{"resolvedStorageSource":{"bucket":"gcf-v2-sources-846558223250-us-central1","object":"addBet/function-source.zip","generation":"1736385313544157"}},"dockerRegistry":"ARTIFACT_REGISTRY","serviceAccount":"projects/yims-125a2/serviceAccounts/846558223250-compute@developer.gserviceaccount.com","automaticUpdatePolicy":{}},"serviceConfig":{"service":"projects/yims-125a2/locations/us-central1/services/addbet","timeoutSeconds":60,"environmentVariables":{"FIREBASE_CONFIG":"{\"projectId\":\"yims-125a2\",\"storageBucket\":\"yims-125a2.appspot.com\",\"locationId\":\"us-central\"}","GCLOUD_PROJECT":"yims-125a2","EVENTARC_CLOUD_EVENT_SOURCE":"projects/yims-125a2/locations/us-central1/services/addBet","FUNCTION_TARGET":"addBet","LOG_EXECUTION_ID":"true"},"maxInstanceCount":100,"ingressSettings":"ALLOW_ALL","uri":"https://addbet-65477nrg6a-uc.a.run.app","serviceAccountEmail":"846558223250-compute@developer.gserviceaccount.com","availableMemory":"256Mi","allTrafficOnLatestRevision":true,"revision":"addbet-00006-how","maxInstanceRequestConcurrency":80,"availableCpu":"1"},"state":"ACTIVE","updateTime":"2025-01-09T01:16:09.340259594Z","labels":{"deployment-tool":"cli-firebase","firebase-functions-hash":"9012b3d131d66e0ec81b7d13a9a665e6ca7c8151"},"environment":"GEN_2","url":"https://us-central1-yims-125a2.cloudfunctions.net/addBet","createTime":"2025-01-07T23:46:17.558005136Z"},{"name":"projects/yims-125a2/locations/us-central1/functions/updateUsername","buildConfig":{"build":"projects/846558223250/locations/us-central1/builds/0d8e6b20-ff4c-4cc7-9b20-5ec2bf970eb6","runtime":"nodejs18","entryPoint":"updateUsername","source":{"storageSource":{"bucket":"gcf-v2-sources-846558223250-us-central1","object":"updateUsername/function-source.zip","generation":"1736831628451424"}},"environmentVariables":{"GOOGLE_NODE_RUN_SCRIPTS":""},"dockerRepository":"projects/yims-125a2/locations/us-central1/repositories/gcf-artifacts","sourceProvenance":{"resolvedStorageSource":{"bucket":"gcf-v2-sources-846558223250-us-central1","object":"updateUsername/function-source.zip","generation":"1736831628451424"}},"dockerRegistry":"ARTIFACT_REGISTRY","serviceAccount":"projects/yims-125a2/serviceAccounts/846558223250-compute@developer.gserviceaccount.com","automaticUpdatePolicy":{}},"serviceConfig":{"service":"projects/yims-125a2/locations/us-central1/services/updateusername","timeoutSeconds":60,"environmentVariables":{"FIREBASE_CONFIG":"{\"projectId\":\"yims-125a2\",\"storageBucket\":\"yims-125a2.appspot.com\",\"locationId\":\"us-central\"}","GCLOUD_PROJECT":"yims-125a2","EVENTARC_CLOUD_EVENT_SOURCE":"projects/yims-125a2/locations/us-central1/services/updateUsername","FUNCTION_TARGET":"updateUsername","LOG_EXECUTION_ID":"true"},"maxInstanceCount":100,"ingressSettings":"ALLOW_ALL","uri":"https://updateusername-65477nrg6a-uc.a.run.app","serviceAccountEmail":"846558223250-compute@developer.gserviceaccount.com","availableMemory":"256Mi","allTrafficOnLatestRevision":true,"revision":"updateusername-00003-kuh","maxInstanceRequestConcurrency":80,"availableCpu":"1"},"state":"ACTIVE","updateTime":"2025-01-14T05:14:33.357800668Z","labels":{"deployment-tool":"cli-firebase","firebase-functions-hash":"503cee3bd43c1314c16f6800b0909d67282637e9"},"environment":"GEN_2","url":"https://us-central1-yims-125a2.cloudfunctions.net/updateUsername","createTime":"2025-01-14T04:22:57.523236300Z"},{"name":"projects/yims-125a2/locations/us-central1/functions/scoreMatch","buildConfig":{"build":"projects/846558223250/locations/us-central1/builds/33c9c132-3d6c-422b-9e30-3d97759ea598","runtime":"nodejs18","entryPoint":"scoreMatch","source":{"storageSource":{"bucket":"gcf-v2-sources-846558223250-us-central1","object":"scoreMatch/function-source.zip","generation":"1736731225106715"}},"environmentVariables":{"GOOGLE_NODE_RUN_SCRIPTS":""},"dockerRepository":"projects/yims-125a2/locations/us-central1/repositories/gcf-artifacts","sourceProvenance":{"resolvedStorageSource":{"bucket":"gcf-v2-sources-846558223250-us-central1","object":"scoreMatch/function-source.zip","generation":"1736731225106715"}},"dockerRegistry":"ARTIFACT_REGISTRY","serviceAccount":"projects/yims-125a2/serviceAccounts/846558223250-compute@developer.gserviceaccount.com","automaticUpdatePolicy":{}},"serviceConfig":{"service":"projects/yims-125a2/locations/us-central1/services/scorematch","timeoutSeconds":60,"environmentVariables":{"FIREBASE_CONFIG":"{\"projectId\":\"yims-125a2\",\"storageBucket\":\"yims-125a2.appspot.com\",\"locationId\":\"us-central\"}","GCLOUD_PROJECT":"yims-125a2","EVENTARC_CLOUD_EVENT_SOURCE":"projects/yims-125a2/locations/us-central1/services/scoreMatch","FUNCTION_TARGET":"scoreMatch","LOG_EXECUTION_ID":"true","FUNCTION_SIGNATURE_TYPE":"http"},"maxInstanceCount":100,"ingressSettings":"ALLOW_ALL","uri":"https://scorematch-65477nrg6a-uc.a.run.app","serviceAccountEmail":"846558223250-compute@developer.gserviceaccount.com","availableMemory":"256Mi","allTrafficOnLatestRevision":true,"revision":"scorematch-00017-tec","maxInstanceRequestConcurrency":80,"availableCpu":"1"},"state":"ACTIVE","updateTime":"2025-01-13T01:21:30.127004395Z","labels":{"deployment-tool":"cli-firebase","firebase-functions-hash":"286bcf7d93c3ab03c3c3ffa2c761ba27187ec800"},"environment":"GEN_2","url":"https://us-central1-yims-125a2.cloudfunctions.net/scoreMatch","createTime":"2024-12-25T20:52:13.706552182Z"},{"name":"projects/yims-125a2/locations/us-central1/functions/getPendingBets","buildConfig":{"build":"projects/846558223250/locations/us-central1/builds/cf399837-09d1-408a-8ed9-b062f6758eef","runtime":"nodejs18","entryPoint":"getPendingBets","source":{"storageSource":{"bucket":"gcf-v2-sources-846558223250-us-central1","object":"getPendingBets/function-source.zip","generation":"1736324553574588"}},"environmentVariables":{"GOOGLE_NODE_RUN_SCRIPTS":""},"dockerRepository":"projects/yims-125a2/locations/us-central1/repositories/gcf-artifacts","sourceProvenance":{"resolvedStorageSource":{"bucket":"gcf-v2-sources-846558223250-us-central1","object":"getPendingBets/function-source.zip","generation":"1736324553574588"}},"dockerRegistry":"ARTIFACT_REGISTRY","serviceAccount":"projects/yims-125a2/serviceAccounts/846558223250-compute@developer.gserviceaccount.com","automaticUpdatePolicy":{}},"serviceConfig":{"service":"projects/yims-125a2/locations/us-central1/services/getpendingbets","timeoutSeconds":60,"environmentVariables":{"FIREBASE_CONFIG":"{\"projectId\":\"yims-125a2\",\"storageBucket\":\"yims-125a2.appspot.com\",\"locationId\":\"us-central\"}","GCLOUD_PROJECT":"yims-125a2","EVENTARC_CLOUD_EVENT_SOURCE":"projects/yims-125a2/locations/us-central1/services/getPendingBets","FUNCTION_TARGET":"getPendingBets","LOG_EXECUTION_ID":"true"},"maxInstanceCount":100,"ingressSettings":"ALLOW_ALL","uri":"https://getpendingbets-65477nrg6a-uc.a.run.app","serviceAccountEmail":"846558223250-compute@developer.gserviceaccount.com","availableMemory":"256Mi","allTrafficOnLatestRevision":true,"revision":"getpendingbets-00003-kev","maxInstanceRequestConcurrency":80,"availableCpu":"1"},"state":"ACTIVE","updateTime":"2025-01-08T08:23:22.465528890Z","labels":{"firebase-functions-hash":"b43010d966d1e11de270617aab0f6c5be90b6a8c","deployment-tool":"cli-firebase"},"environment":"GEN_2","url":"https://us-central1-yims-125a2.cloudfunctions.net/getPendingBets","createTime":"2025-01-08T07:05:14.563463836Z"},{"name":"projects/yims-125a2/locations/us-central1/functions/deleteBet","buildConfig":{"build":"projects/846558223250/locations/us-central1/builds/1bfee8e5-cc6a-44c1-b511-9c63c234e4d2","runtime":"nodejs18","entryPoint":"deleteBet","source":{"storageSource":{"bucket":"gcf-v2-sources-846558223250-us-central1","object":"deleteBet/function-source.zip","generation":"1736374731183488"}},"environmentVariables":{"GOOGLE_NODE_RUN_SCRIPTS":""},"dockerRepository":"projects/yims-125a2/locations/us-central1/repositories/gcf-artifacts","sourceProvenance":{"resolvedStorageSource":{"bucket":"gcf-v2-sources-846558223250-us-central1","object":"deleteBet/function-source.zip","generation":"1736374731183488"}},"dockerRegistry":"ARTIFACT_REGISTRY","serviceAccount":"projects/yims-125a2/serviceAccounts/846558223250-compute@developer.gserviceaccount.com","automaticUpdatePolicy":{}},"serviceConfig":{"service":"projects/yims-125a2/locations/us-central1/services/deletebet","timeoutSeconds":60,"environmentVariables":{"FIREBASE_CONFIG":"{\"projectId\":\"yims-125a2\",\"storageBucket\":\"yims-125a2.appspot.com\",\"locationId\":\"us-central\"}","GCLOUD_PROJECT":"yims-125a2","EVENTARC_CLOUD_EVENT_SOURCE":"projects/yims-125a2/locations/us-central1/services/deleteBet","FUNCTION_TARGET":"deleteBet","LOG_EXECUTION_ID":"true","FUNCTION_SIGNATURE_TYPE":"http"},"maxInstanceCount":100,"ingressSettings":"ALLOW_ALL","uri":"https://deletebet-65477nrg6a-uc.a.run.app","serviceAccountEmail":"846558223250-compute@developer.gserviceaccount.com","availableMemory":"256Mi","allTrafficOnLatestRevision":true,"revision":"deletebet-00003-yab","maxInstanceRequestConcurrency":80,"availableCpu":"1"},"state":"ACTIVE","updateTime":"2025-01-08T22:19:47.201755872Z","labels":{"deployment-tool":"cli-firebase","firebase-functions-hash":"c72f23bb05f8ff02fae4b619dbb9e5a72cbb414e"},"environment":"GEN_2","url":"https://us-central1-yims-125a2.cloudfunctions.net/deleteBet","createTime":"2025-01-07T23:47:06.427050429Z"},{"name":"projects/yims-125a2/locations/us-central1/functions/nextApp","buildConfig":{"build":"projects/846558223250/locations/us-central1/builds/5e41d6e0-e5c2-47f2-9966-a1a4fa48de0a","runtime":"nodejs18","entryPoint":"nextApp","source":{"storageSource":{"bucket":"gcf-v2-sources-846558223250-us-central1","object":"nextApp/function-source.zip","generation":"1736915289706753"}},"environmentVariables":{"GOOGLE_NODE_RUN_SCRIPTS":""},"dockerRepository":"projects/yims-125a2/locations/us-central1/repositories/gcf-artifacts","sourceProvenance":{"resolvedStorageSource":{"bucket":"gcf-v2-sources-846558223250-us-central1","object":"nextApp/function-source.zip","generation":"1736915289706753"}},"dockerRegistry":"ARTIFACT_REGISTRY","serviceAccount":"projects/yims-125a2/serviceAccounts/846558223250-compute@developer.gserviceaccount.com","automaticUpdatePolicy":{}},"serviceConfig":{"service":"projects/yims-125a2/locations/us-central1/services/nextapp","timeoutSeconds":60,"environmentVariables":{"FIREBASE_CONFIG":"{\"projectId\":\"yims-125a2\",\"storageBucket\":\"yims-125a2.appspot.com\",\"locationId\":\"us-central\"}","GCLOUD_PROJECT":"yims-125a2","EVENTARC_CLOUD_EVENT_SOURCE":"projects/yims-125a2/locations/us-central1/services/nextApp","FUNCTION_TARGET":"nextApp","LOG_EXECUTION_ID":"true"},"maxInstanceCount":100,"ingressSettings":"ALLOW_ALL","uri":"https://nextapp-65477nrg6a-uc.a.run.app","serviceAccountEmail":"846558223250-compute@developer.gserviceaccount.com","availableMemory":"256Mi","allTrafficOnLatestRevision":true,"revision":"nextapp-00024-hut","maxInstanceRequestConcurrency":80,"availableCpu":"1"},"state":"ACTIVE","updateTime":"2025-01-15T04:31:37.607127066Z","labels":{"deployment-tool":"cli-firebase","firebase-functions-hash":"e496dc33c65b8122b6caa7d9fec2b52c1749563b"},"environment":"GEN_2","url":"https://us-central1-yims-125a2.cloudfunctions.net/nextApp","createTime":"2024-11-29T09:46:37.500651959Z"}]}
[info] i  functions: ensuring required API run.googleapis.com is enabled... 
[debug] [2025-01-15T07:19:41.713Z] Checked if tokens are valid: true, expires at: 1736927782543
[debug] [2025-01-15T07:19:41.713Z] Checked if tokens are valid: true, expires at: 1736927782543
[info] i  functions: ensuring required API eventarc.googleapis.com is enabled... 
[debug] [2025-01-15T07:19:41.713Z] Checked if tokens are valid: true, expires at: 1736927782543
[debug] [2025-01-15T07:19:41.713Z] Checked if tokens are valid: true, expires at: 1736927782543
[info] i  functions: ensuring required API pubsub.googleapis.com is enabled... 
[debug] [2025-01-15T07:19:41.713Z] Checked if tokens are valid: true, expires at: 1736927782543
[debug] [2025-01-15T07:19:41.713Z] Checked if tokens are valid: true, expires at: 1736927782543
[info] i  functions: ensuring required API storage.googleapis.com is enabled... 
[debug] [2025-01-15T07:19:41.713Z] Checked if tokens are valid: true, expires at: 1736927782543
[debug] [2025-01-15T07:19:41.713Z] Checked if tokens are valid: true, expires at: 1736927782543
[debug] [2025-01-15T07:19:41.713Z] >>> [apiv2][query] GET https://serviceusage.googleapis.com/v1/projects/yims-125a2/services/run.googleapis.com [none]
[debug] [2025-01-15T07:19:41.713Z] >>> [apiv2][(partial)header] GET https://serviceusage.googleapis.com/v1/projects/yims-125a2/services/run.googleapis.com x-goog-quota-user=projects/yims-125a2
[debug] [2025-01-15T07:19:41.714Z] >>> [apiv2][query] GET https://serviceusage.googleapis.com/v1/projects/yims-125a2/services/eventarc.googleapis.com [none]
[debug] [2025-01-15T07:19:41.714Z] >>> [apiv2][(partial)header] GET https://serviceusage.googleapis.com/v1/projects/yims-125a2/services/eventarc.googleapis.com x-goog-quota-user=projects/yims-125a2
[debug] [2025-01-15T07:19:41.715Z] >>> [apiv2][query] GET https://serviceusage.googleapis.com/v1/projects/yims-125a2/services/pubsub.googleapis.com [none]
[debug] [2025-01-15T07:19:41.715Z] >>> [apiv2][(partial)header] GET https://serviceusage.googleapis.com/v1/projects/yims-125a2/services/pubsub.googleapis.com x-goog-quota-user=projects/yims-125a2
[debug] [2025-01-15T07:19:41.715Z] >>> [apiv2][query] GET https://serviceusage.googleapis.com/v1/projects/yims-125a2/services/storage.googleapis.com [none]
[debug] [2025-01-15T07:19:41.715Z] >>> [apiv2][(partial)header] GET https://serviceusage.googleapis.com/v1/projects/yims-125a2/services/storage.googleapis.com x-goog-quota-user=projects/yims-125a2
[debug] [2025-01-15T07:19:41.938Z] <<< [apiv2][status] GET https://serviceusage.googleapis.com/v1/projects/yims-125a2/services/run.googleapis.com 200
[debug] [2025-01-15T07:19:41.938Z] <<< [apiv2][body] GET https://serviceusage.googleapis.com/v1/projects/yims-125a2/services/run.googleapis.com [omitted]
[info] ✔  functions: required API run.googleapis.com is enabled 
[debug] [2025-01-15T07:19:41.941Z] <<< [apiv2][status] GET https://serviceusage.googleapis.com/v1/projects/yims-125a2/services/storage.googleapis.com 200
[debug] [2025-01-15T07:19:41.941Z] <<< [apiv2][body] GET https://serviceusage.googleapis.com/v1/projects/yims-125a2/services/storage.googleapis.com [omitted]
[info] ✔  functions: required API storage.googleapis.com is enabled 
[debug] [2025-01-15T07:19:41.954Z] <<< [apiv2][status] GET https://serviceusage.googleapis.com/v1/projects/yims-125a2/services/eventarc.googleapis.com 200
[debug] [2025-01-15T07:19:41.955Z] <<< [apiv2][body] GET https://serviceusage.googleapis.com/v1/projects/yims-125a2/services/eventarc.googleapis.com [omitted]
[info] ✔  functions: required API eventarc.googleapis.com is enabled 
[debug] [2025-01-15T07:19:41.957Z] <<< [apiv2][status] GET https://serviceusage.googleapis.com/v1/projects/yims-125a2/services/pubsub.googleapis.com 200
[debug] [2025-01-15T07:19:41.957Z] <<< [apiv2][body] GET https://serviceusage.googleapis.com/v1/projects/yims-125a2/services/pubsub.googleapis.com [omitted]
[info] ✔  functions: required API pubsub.googleapis.com is enabled 
[info] i  functions: generating the service identity for pubsub.googleapis.com... 
[debug] [2025-01-15T07:19:41.958Z] Checked if tokens are valid: true, expires at: 1736927782543
[debug] [2025-01-15T07:19:41.958Z] Checked if tokens are valid: true, expires at: 1736927782543
[info] i  functions: generating the service identity for eventarc.googleapis.com... 
[debug] [2025-01-15T07:19:41.958Z] Checked if tokens are valid: true, expires at: 1736927782543
[debug] [2025-01-15T07:19:41.958Z] Checked if tokens are valid: true, expires at: 1736927782543
[debug] [2025-01-15T07:19:41.958Z] >>> [apiv2][query] POST https://serviceusage.googleapis.com/v1beta1/projects/846558223250/services/pubsub.googleapis.com:generateServiceIdentity [none]
[debug] [2025-01-15T07:19:41.958Z] >>> [apiv2][query] POST https://serviceusage.googleapis.com/v1beta1/projects/846558223250/services/eventarc.googleapis.com:generateServiceIdentity [none]
[debug] [2025-01-15T07:19:42.137Z] <<< [apiv2][status] POST https://serviceusage.googleapis.com/v1beta1/projects/846558223250/services/pubsub.googleapis.com:generateServiceIdentity 200
[debug] [2025-01-15T07:19:42.137Z] <<< [apiv2][body] POST https://serviceusage.googleapis.com/v1beta1/projects/846558223250/services/pubsub.googleapis.com:generateServiceIdentity {"name":"operations/finished.DONE_OPERATION","done":true,"response":{"@type":"type.googleapis.com/google.api.serviceusage.v1beta1.ServiceIdentity","email":"service-846558223250@gcp-sa-pubsub.iam.gserviceaccount.com","uniqueId":"114800343874271011993"}}
[debug] [2025-01-15T07:19:42.323Z] <<< [apiv2][status] POST https://serviceusage.googleapis.com/v1beta1/projects/846558223250/services/eventarc.googleapis.com:generateServiceIdentity 200
[debug] [2025-01-15T07:19:42.323Z] <<< [apiv2][body] POST https://serviceusage.googleapis.com/v1beta1/projects/846558223250/services/eventarc.googleapis.com:generateServiceIdentity {"name":"operations/finished.DONE_OPERATION","done":true,"response":{"@type":"type.googleapis.com/google.api.serviceusage.v1beta1.ServiceIdentity","email":"service-846558223250@gcp-sa-eventarc.iam.gserviceaccount.com","uniqueId":"106266668559859985170"}}
[debug] [2025-01-15T07:19:42.325Z] Checked if tokens are valid: true, expires at: 1736927782543
[debug] [2025-01-15T07:19:42.325Z] Checked if tokens are valid: true, expires at: 1736927782543
[debug] [2025-01-15T07:19:42.325Z] >>> [apiv2][query] GET https://cloudresourcemanager.googleapis.com/v1/projects/yims-125a2 [none]
[debug] [2025-01-15T07:19:42.497Z] <<< [apiv2][status] GET https://cloudresourcemanager.googleapis.com/v1/projects/yims-125a2 200
[debug] [2025-01-15T07:19:42.497Z] <<< [apiv2][body] GET https://cloudresourcemanager.googleapis.com/v1/projects/yims-125a2 {"projectNumber":"846558223250","projectId":"yims-125a2","lifecycleState":"ACTIVE","name":"yims","labels":{"firebase":"enabled"},"createTime":"2024-09-11T22:41:33.559689Z"}
[debug] [2025-01-15T07:19:42.502Z] Checked if tokens are valid: true, expires at: 1736927782543
[debug] [2025-01-15T07:19:42.502Z] Checked if tokens are valid: true, expires at: 1736927782543
[debug] [2025-01-15T07:19:42.502Z] >>> [apiv2][query] POST https://firebasehosting.googleapis.com/v1beta1/projects/-/sites/yims-125a2/versions [none]
[debug] [2025-01-15T07:19:42.502Z] >>> [apiv2][body] POST https://firebasehosting.googleapis.com/v1beta1/projects/-/sites/yims-125a2/versions {"status":"CREATED","labels":{"deployment-tool":"cli-firebase"}}
[debug] [2025-01-15T07:19:43.051Z] <<< [apiv2][status] POST https://firebasehosting.googleapis.com/v1beta1/projects/-/sites/yims-125a2/versions 200
[debug] [2025-01-15T07:19:43.051Z] <<< [apiv2][body] POST https://firebasehosting.googleapis.com/v1beta1/projects/-/sites/yims-125a2/versions {"name":"projects/846558223250/sites/yims-125a2/versions/13d855ab55e28ab7","status":"CREATED","config":{},"labels":{"deployment-tool":"cli-firebase"}}
[debug] [2025-01-15T07:19:43.052Z] Checked if tokens are valid: true, expires at: 1736927782543
[debug] [2025-01-15T07:19:43.052Z] Checked if tokens are valid: true, expires at: 1736927782543
[debug] [2025-01-15T07:19:43.052Z] >>> [apiv2][query] GET https://cloudbilling.googleapis.com/v1/projects/yims-125a2/billingInfo [none]
[debug] [2025-01-15T07:19:43.225Z] <<< [apiv2][status] GET https://cloudbilling.googleapis.com/v1/projects/yims-125a2/billingInfo 200
[debug] [2025-01-15T07:19:43.225Z] <<< [apiv2][body] GET https://cloudbilling.googleapis.com/v1/projects/yims-125a2/billingInfo {"name":"projects/yims-125a2/billingInfo","projectId":"yims-125a2","billingAccountName":"billingAccounts/018AB9-CB7F31-139C69","billingEnabled":true}
[debug] [2025-01-15T07:19:43.227Z] Checked if tokens are valid: true, expires at: 1736927782543
[debug] [2025-01-15T07:19:43.227Z] Checked if tokens are valid: true, expires at: 1736927782543
[debug] [2025-01-15T07:19:43.227Z] >>> [apiv2][query] POST https://cloudfunctions.googleapis.com/v2/projects/yims-125a2/locations/us-central1/functions:generateUploadUrl [none]
[debug] [2025-01-15T07:19:43.365Z] <<< [apiv2][status] POST https://cloudfunctions.googleapis.com/v2/projects/yims-125a2/locations/us-central1/functions:generateUploadUrl 200
[debug] [2025-01-15T07:19:43.366Z] <<< [apiv2][body] POST https://cloudfunctions.googleapis.com/v2/projects/yims-125a2/locations/us-central1/functions:generateUploadUrl {"uploadUrl":"https://storage.googleapis.com/gcf-v2-uploads-846558223250.us-central1.cloudfunctions.appspot.com/8e03f439-f2f6-4735-b9e8-883c69baf83a.zip?GoogleAccessId=service-846558223250@gcf-admin-robot.iam.gserviceaccount.com&Expires=1736927383&Signature=VM4XU371WldfBTZRqCwFmmv6WPmLIdCpAt2GCjiK4B1foez%2FAmbTV%2BUshc1BhMc6DDXjKS06IKZNmrwWjQIkmYEiywmmmAm4G%2FXrFVRF82CP5sPl19a2sBalHkArk6OQY0bx6jYgjwP4Y1StixPRYD7I8JJa70UTwjvJWwEAyxE3N9sn2xb6eAjViHZtAcrOx2Vaitu0zdboo6YKxdDg9qflR6JiQVFZyzFtjMfqknZEZAtdcNWgX4RDq%2BJrlmKvI%2BXDcZe086Uly%2BgQfSVkbir1RmC7OkyGSVSzYhR7fiPkfZfactFdQnxtFD3X0xiUYtALs%2B5GMUd6NTyJ%2BEdBfg%3D%3D","storageSource":{"bucket":"gcf-v2-uploads-846558223250.us-central1.cloudfunctions.appspot.com","object":"8e03f439-f2f6-4735-b9e8-883c69baf83a.zip"}}
[debug] [2025-01-15T07:19:43.367Z] >>> [apiv2][query] PUT https://storage.googleapis.com/gcf-v2-uploads-846558223250.us-central1.cloudfunctions.appspot.com/8e03f439-f2f6-4735-b9e8-883c69baf83a.zip GoogleAccessId=service-846558223250%40gcf-admin-robot.iam.gserviceaccount.com&Expires=1736927383&Signature=VM4XU371WldfBTZRqCwFmmv6WPmLIdCpAt2GCjiK4B1foez%2FAmbTV%2BUshc1BhMc6DDXjKS06IKZNmrwWjQIkmYEiywmmmAm4G%2FXrFVRF82CP5sPl19a2sBalHkArk6OQY0bx6jYgjwP4Y1StixPRYD7I8JJa70UTwjvJWwEAyxE3N9sn2xb6eAjViHZtAcrOx2Vaitu0zdboo6YKxdDg9qflR6JiQVFZyzFtjMfqknZEZAtdcNWgX4RDq%2BJrlmKvI%2BXDcZe086Uly%2BgQfSVkbir1RmC7OkyGSVSzYhR7fiPkfZfactFdQnxtFD3X0xiUYtALs%2B5GMUd6NTyJ%2BEdBfg%3D%3D
[debug] [2025-01-15T07:19:43.367Z] >>> [apiv2][body] PUT https://storage.googleapis.com/gcf-v2-uploads-846558223250.us-central1.cloudfunctions.appspot.com/8e03f439-f2f6-4735-b9e8-883c69baf83a.zip [stream]
